--- STARTING SMART IMAGE FETCHING SCAN (WIKIPEDIA) ---
Found 973 profiles. Scanning for missing images...
[SEARCH] Looking for image for Zulfiqar Bhutta...
[MATCH] Found verified page title: "Zulfiqar Bhutta" for Zulfiqar Bhutta
[NO IMAGE] Verified page found, but no thumbnail available for Zulfiqar Bhutta.
[SEARCH] Looking for image for Zhijian “James” Chen...
[MATCH] Found verified page title: "Zhijian" for Zhijian “James” Chen
[NO IMAGE] Verified page found, but no thumbnail available for Zhijian “James” Chen.
[SEARCH] Looking for image for Zhao Yuliang...
[SKIP] Found articles for Zhao Yuliang but could not verify medical context.
[SEARCH] Looking for image for Zeng Yixin...
[MATCH] Found verified page title: "Cao Xuetao" for Zeng Yixin
[NO IMAGE] Verified page found, but no thumbnail available for Zeng Yixin.
[SEARCH] Looking for image for Younes Chaibi...
[SKIP] Found articles for Younes Chaibi but could not verify medical context.
[SEARCH] Looking for image for Yong Loo Lin...
[MATCH] Found verified page title: "NUS Yong Loo Lin School of Medicine" for Yong Loo Lin
[NO IMAGE] Verified page found, but no thumbnail available for Yong Loo Lin.
[SEARCH] Looking for image for Yifru Berhan...
[SKIP] Found articles for Yifru Berhan but could not verify medical context.
[SEARCH] Looking for image for Yehia El-Rakhawy...
[MISSING] No Wikipedia articles found for Yehia El-Rakhawy
[SEARCH] Looking for image for Xu Jianguo...
[MATCH] Found verified page title: "Xu Jianguo" for Xu Jianguo
[NO IMAGE] Verified page found, but no thumbnail available for Xu Jianguo.
[SEARCH] Looking for image for Wu Yiling...
[MATCH] Found verified page title: "Wu Yiling" for Wu Yiling
[NO IMAGE] Verified page found, but no thumbnail available for Wu Yiling.
[SEARCH] Looking for image for William J. Sandborn...
[SKIP] Found articles for William J. Sandborn but could not verify medical context.
[SEARCH] Looking for image for Wattana Suthisisang...
[MISSING] No Wikipedia articles found for Wattana Suthisisang
[SEARCH] Looking for image for Wang Chen...
[MATCH] Found verified page title: "Wang Chen" for Wang Chen
[NO IMAGE] Verified page found, but no thumbnail available for Wang Chen.
[SEARCH] Looking for image for Walter Jaoko...
[MATCH] Found verified page title: "Walter Jaoko" for Walter Jaoko
[NO IMAGE] Verified page found, but no thumbnail available for Walter Jaoko.
[SEARCH] Looking for image for Walid Fitaihi...
[MATCH] Found verified page title: "Walid Fitaihi" for Walid Fitaihi
[NO IMAGE] Verified page found, but no thumbnail available for Walid Fitaihi.
[SEARCH] Looking for image for Vladimir Skulachev...
[MATCH] Found verified page title: "SkQ" for Vladimir Skulachev
[NO IMAGE] Verified page found, but no thumbnail available for Vladimir Skulachev.
[SEARCH] Looking for image for Vivek Subbiah...
[SKIP] Found articles for Vivek Subbiah but could not verify medical context.
[SEARCH] Looking for image for Vitaliy Zabolotny...
[MATCH] Found verified page title: "List of people from Ukraine" for Vitaliy Zabolotny
[SUCCESS] Grabbed Wikipedia image for Vitaliy Zabolotny: https://upload.wikimedia.org/wikipedia/commons/thumb/9/95/Lesser_Coat_of_Arms_of_Ukraine.svg/330px-Lesser_Coat_of_Arms_of_Ukraine.svg.png
[SEARCH] Looking for image for Vinod Scaria...
[MATCH] Found verified page title: "Vinod Scaria" for Vinod Scaria
[NO IMAGE] Verified page found, but no thumbnail available for Vinod Scaria.
[SEARCH] Looking for image for Vijay Patil...
[SKIP] Found articles for Vijay Patil but could not verify medical context.
[SEARCH] Looking for image for Venkataraman Ramakrishnan...
[SKIP] Found articles for Venkataraman Ramakrishnan but could not verify medical context.
Processed 50/973 profiles...
[SEARCH] Looking for image for Vasanthapuram Ravi...
[MISSING] No Wikipedia articles found for Vasanthapuram Ravi
[SEARCH] Looking for image for Vasantha Muthuswamy...
[MATCH] Found verified page title: "Vasantha Muthuswamy" for Vasantha Muthuswamy
[NO IMAGE] Verified page found, but no thumbnail available for Vasantha Muthuswamy.
[SEARCH] Looking for image for V. Seshiah...
[MATCH] Found verified page title: "Veeraswamy Seshiah" for V. Seshiah
[NO IMAGE] Verified page found, but no thumbnail available for V. Seshiah.
[SEARCH] Looking for image for V. S. Natarajan...
[MATCH] Found verified page title: "V. S. Natarajan" for V. S. Natarajan
[NO IMAGE] Verified page found, but no thumbnail available for V. S. Natarajan.
[SEARCH] Looking for image for V. N. Reddy...
[MATCH] Found verified page title: "V. N. Reddy" for V. N. Reddy
[NO IMAGE] Verified page found, but no thumbnail available for V. N. Reddy.
[SEARCH] Looking for image for V. K. Sharma...
[SKIP] Found articles for V. K. Sharma but could not verify medical context.
[SEARCH] Looking for image for Upendra Kaul...
[MATCH] Found verified page title: "Upendra Kaul" for Upendra Kaul
[NO IMAGE] Verified page found, but no thumbnail available for Upendra Kaul.
[SEARCH] Looking for image for Uma Ramakrishnan...
[MATCH] Found verified page title: "Uma Ramakrishnan" for Uma Ramakrishnan
[NO IMAGE] Verified page found, but no thumbnail available for Uma Ramakrishnan.
[SEARCH] Looking for image for Tulio de Oliveira...
[MATCH] Found verified page title: "Tulio de Oliveira" for Tulio de Oliveira
[NO IMAGE] Verified page found, but no thumbnail available for Tulio de Oliveira.
[SEARCH] Looking for image for Trevor W. Robbins...
[MATCH] Found verified page title: "Trevor Robbins" for Trevor W. Robbins
[NO IMAGE] Verified page found, but no thumbnail available for Trevor W. Robbins.
[SEARCH] Looking for image for Tomas Hökfelt...
[MATCH] Found verified page title: "Tomas Hökfelt" for Tomas Hökfelt
[NO IMAGE] Verified page found, but no thumbnail available for Tomas Hökfelt.
[SEARCH] Looking for image for Tomas Hökfelt...
[MATCH] Found verified page title: "Tomas Hökfelt" for Tomas Hökfelt
[NO IMAGE] Verified page found, but no thumbnail available for Tomas Hökfelt.
[SEARCH] Looking for image for Tobias Welte...
[SKIP] Found articles for Tobias Welte but could not verify medical context.
[SEARCH] Looking for image for Tjandra Yoga Aditama...
[SKIP] Found articles for Tjandra Yoga Aditama but could not verify medical context.
[SEARCH] Looking for image for Tim D. Spector...
[SKIP] Found articles for Tim D. Spector but could not verify medical context.
[SEARCH] Looking for image for Tak Wah Mak...
[MATCH] Found verified page title: "Tak Wah Mak" for Tak Wah Mak
[NO IMAGE] Verified page found, but no thumbnail available for Tak Wah Mak.
[SEARCH] Looking for image for T. R. Muralidharan...
[SKIP] Found articles for T. R. Muralidharan but could not verify medical context.
Processed 100/973 profiles...
[SEARCH] Looking for image for Svetlana Mojsov...
[MATCH] Found verified page title: "Svetlana Mojsov" for Svetlana Mojsov
[NO IMAGE] Verified page found, but no thumbnail available for Svetlana Mojsov.
[SEARCH] Looking for image for Suresh Kumar...
[MATCH] Found verified page title: "Suresh Kumar" for Suresh Kumar
[NO IMAGE] Verified page found, but no thumbnail available for Suresh Kumar.
[SEARCH] Looking for image for Sunil Chandy...
[MATCH] Found verified page title: "Mammen Chandy" for Sunil Chandy
[NO IMAGE] Verified page found, but no thumbnail available for Sunil Chandy.
[SEARCH] Looking for image for Sun Qiang...
[MATCH] Found verified page title: "Sun Qiang" for Sun Qiang
[NO IMAGE] Verified page found, but no thumbnail available for Sun Qiang.
[SEARCH] Looking for image for Sudha Bhattacharya...
[MATCH] Found verified page title: "Alok Bhattacharya" for Sudha Bhattacharya
[NO IMAGE] Verified page found, but no thumbnail available for Sudha Bhattacharya.
[SEARCH] Looking for image for Subrat Acharya...
[MATCH] Found verified page title: "Subrat Kumar Acharya" for Subrat Acharya
[NO IMAGE] Verified page found, but no thumbnail available for Subrat Acharya.
[SEARCH] Looking for image for Steven R. Cummings...
[MATCH] Found verified page title: "Steven R. Cummings" for Steven R. Cummings
[NO IMAGE] Verified page found, but no thumbnail available for Steven R. Cummings.
[SEARCH] Looking for image for Stephen Grobmyer...
[SKIP] Found articles for Stephen Grobmyer but could not verify medical context.
[SEARCH] Looking for image for Stephen B. Baylin...
[MATCH] Found verified page title: "Stephen B. Baylin" for Stephen B. Baylin
[NO IMAGE] Verified page found, but no thumbnail available for Stephen B. Baylin.
[SEARCH] Looking for image for Shyam Sunder...
[MATCH] Found verified page title: "Shyam Sunder" for Shyam Sunder
[NO IMAGE] Verified page found, but no thumbnail available for Shyam Sunder.
[SEARCH] Looking for image for Shobha Broor...
[SKIP] Found articles for Shobha Broor but could not verify medical context.
[SEARCH] Looking for image for Shitij Kapur...
[MATCH] Found verified page title: "Shitij Kapur" for Shitij Kapur
[NO IMAGE] Verified page found, but no thumbnail available for Shitij Kapur.
Processed 150/973 profiles...
[SEARCH] Looking for image for Sergio Henrique Ferreira...
[MATCH] Found verified page title: "Sérgio Henrique Ferreira" for Sergio Henrique Ferreira
[NO IMAGE] Verified page found, but no thumbnail available for Sergio Henrique Ferreira.
[SEARCH] Looking for image for Sergey Netesov...
[SKIP] Found articles for Sergey Netesov but could not verify medical context.
[SEARCH] Looking for image for Seppo Meri...
[SKIP] Found articles for Seppo Meri but could not verify medical context.
[SEARCH] Looking for image for Santosh Honavar...
[SKIP] Found articles for Santosh Honavar but could not verify medical context.
[SEARCH] Looking for image for Sanjay Pandey...
[MATCH] Found verified page title: "Sanjay Pandey" for Sanjay Pandey
[NO IMAGE] Verified page found, but no thumbnail available for Sanjay Pandey.
[SEARCH] Looking for image for Sanjay Mehta...
[SKIP] Found articles for Sanjay Mehta but could not verify medical context.
[SEARCH] Looking for image for Sanjay Kalra...
[MATCH] Found verified page title: "Sanjay Kalra" for Sanjay Kalra
[NO IMAGE] Verified page found, but no thumbnail available for Sanjay Kalra.
[SEARCH] Looking for image for Sang Yup Lee...
[SKIP] Found articles for Sang Yup Lee but could not verify medical context.
[SEARCH] Looking for image for Samson Mugo...
[SKIP] Found articles for Samson Mugo but could not verify medical context.
[SEARCH] Looking for image for Samit Ghosal...
[SKIP] Found articles for Samit Ghosal but could not verify medical context.
[SEARCH] Looking for image for Samiran Nundy...
[MATCH] Found verified page title: "Samiran Nundy" for Samiran Nundy
[NO IMAGE] Verified page found, but no thumbnail available for Samiran Nundy.
[SEARCH] Looking for image for Samira Sultanaicddr,b...
[MISSING] No Wikipedia articles found for Samira Sultanaicddr,b
[SEARCH] Looking for image for Samir Bouaziz...
[SKIP] Found articles for Samir Bouaziz but could not verify medical context.
[SEARCH] Looking for image for Salim Yusuf...
[MATCH] Found verified page title: "Salim Yusuf" for Salim Yusuf
[NO IMAGE] Verified page found, but no thumbnail available for Salim Yusuf.
[SEARCH] Looking for image for S. S. Badrinath...
[MATCH] Found verified page title: "S. S. Badrinath" for S. S. Badrinath
[NO IMAGE] Verified page found, but no thumbnail available for S. S. Badrinath.
Processed 200/973 profiles...
[SEARCH] Looking for image for S. P. Aggarwal...
[SKIP] Found articles for S. P. Aggarwal but could not verify medical context.
[SEARCH] Looking for image for S. Nundy...
[MATCH] Found verified page title: "Samiran Nundy" for S. Nundy
[NO IMAGE] Verified page found, but no thumbnail available for S. Nundy.
[SEARCH] Looking for image for S. N. Narasingan...
[MISSING] No Wikipedia articles found for S. N. Narasingan
[SEARCH] Looking for image for S. M. Yusuf...
[MATCH] Found verified page title: "S. M. Yusuf" for S. M. Yusuf
[NO IMAGE] Verified page found, but no thumbnail available for S. M. Yusuf.
[SEARCH] Looking for image for S. K. Singh...
[MATCH] Found verified page title: "S. K. Singh" for S. K. Singh
[NO IMAGE] Verified page found, but no thumbnail available for S. K. Singh.
[SEARCH] Looking for image for S. K. Sharma...
[MATCH] Found verified page title: "S. K. Sharma" for S. K. Sharma
[NO IMAGE] Verified page found, but no thumbnail available for S. K. Sharma.
[SEARCH] Looking for image for S. K. Shankar...
[MATCH] Found verified page title: "S. K. Shankar" for S. K. Shankar
[NO IMAGE] Verified page found, but no thumbnail available for S. K. Shankar.
[SEARCH] Looking for image for S. K. Sarin...
[MATCH] Found verified page title: "Shiv Kumar Sarin" for S. K. Sarin
[NO IMAGE] Verified page found, but no thumbnail available for S. K. Sarin.
[SEARCH] Looking for image for S. K. Gupta...
[MATCH] Found verified page title: "S. K. Gupta" for S. K. Gupta
[NO IMAGE] Verified page found, but no thumbnail available for S. K. Gupta.
[SEARCH] Looking for image for S. K. Basu...
[SKIP] Found articles for S. K. Basu but could not verify medical context.
[SEARCH] Looking for image for S. H. Maneksha...
[MATCH] Found verified page title: "Yazdi Italia" for S. H. Maneksha
[NO IMAGE] Verified page found, but no thumbnail available for S. H. Maneksha.
[SEARCH] Looking for image for S. Eswara Reddy...
[MATCH] Found verified page title: "Drugs Controller General of India" for S. Eswara Reddy
[NO IMAGE] Verified page found, but no thumbnail available for S. Eswara Reddy.
[SEARCH] Looking for image for S. C. Manchanda...
[MATCH] Found verified page title: "S. C. Manchanda" for S. C. Manchanda
[NO IMAGE] Verified page found, but no thumbnail available for S. C. Manchanda.
[SEARCH] Looking for image for S. Arulselvan...
[SKIP] Found articles for S. Arulselvan but could not verify medical context.
[SEARCH] Looking for image for Rory Collins...
[MATCH] Found verified page title: "Rory Collins" for Rory Collins
[NO IMAGE] Verified page found, but no thumbnail available for Rory Collins.
[SEARCH] Looking for image for Ronald C. Petersen...
[SKIP] Found articles for Ronald C. Petersen but could not verify medical context.
[SEARCH] Looking for image for Ronald C. Kessler...
[MATCH] Found verified page title: "Ronald C. Kessler" for Ronald C. Kessler
[NO IMAGE] Verified page found, but no thumbnail available for Ronald C. Kessler.
[SEARCH] Looking for image for Ron D. Hays...
[SKIP] Found articles for Ron D. Hays but could not verify medical context.
[SEARCH] Looking for image for Roli Mathur...
[MATCH] Found verified page title: "Vasantha Muthuswamy" for Roli Mathur
[NO IMAGE] Verified page found, but no thumbnail available for Roli Mathur.
Processed 250/973 profiles...
[SEARCH] Looking for image for Robert A. Weinberg...
[MATCH] Found verified page title: "Robert Weinberg (biologist)" for Robert A. Weinberg
[NO IMAGE] Verified page found, but no thumbnail available for Robert A. Weinberg.
[SEARCH] Looking for image for Rit Levi-Montalcini...
[MISSING] No Wikipedia articles found for Rit Levi-Montalcini
[SEARCH] Looking for image for Rinaldo Bellomo...
[MATCH] Found verified page title: "Rinaldo Bellomo" for Rinaldo Bellomo
[NO IMAGE] Verified page found, but no thumbnail available for Rinaldo Bellomo.
[SEARCH] Looking for image for Richard A. Flavell...
[MATCH] Found verified page title: "Richard A. Flavell" for Richard A. Flavell
[NO IMAGE] Verified page found, but no thumbnail available for Richard A. Flavell.
[SEARCH] Looking for image for Ravinder Mamtani...
[MATCH] Found verified page title: "Terminology of alternative medicine" for Ravinder Mamtani
[NO IMAGE] Verified page found, but no thumbnail available for Ravinder Mamtani.
[SEARCH] Looking for image for Raman Gangakhedkar...
[MATCH] Found verified page title: "Raman Gangakhedkar" for Raman Gangakhedkar
[NO IMAGE] Verified page found, but no thumbnail available for Raman Gangakhedkar.
[SEARCH] Looking for image for Ralf Bartenschlager...
[MATCH] Found verified page title: "Ralf Bartenschlager" for Ralf Bartenschlager
[NO IMAGE] Verified page found, but no thumbnail available for Ralf Bartenschlager.
[SEARCH] Looking for image for Rakesh Sahay...
[SKIP] Found articles for Rakesh Sahay but could not verify medical context.
[SEARCH] Looking for image for Rakesh Kumar...
[MATCH] Found verified page title: "Rakesh Kumar" for Rakesh Kumar
[NO IMAGE] Verified page found, but no thumbnail available for Rakesh Kumar.
[SEARCH] Looking for image for Rakesh K. Jain...
[MATCH] Found verified page title: "Rakesh Jain" for Rakesh K. Jain
[NO IMAGE] Verified page found, but no thumbnail available for Rakesh K. Jain.
[SEARCH] Looking for image for Rakesh Jain...
[MATCH] Found verified page title: "Rakesh Jain" for Rakesh Jain
[NO IMAGE] Verified page found, but no thumbnail available for Rakesh Jain.
[SEARCH] Looking for image for Rakesh Aggarwal...
[MATCH] Found verified page title: "Rakesh Aggarwal (gastroenterologist)" for Rakesh Aggarwal
[NO IMAGE] Verified page found, but no thumbnail available for Rakesh Aggarwal.
[SEARCH] Looking for image for Rajendra Parikh...
[SKIP] Found articles for Rajendra Parikh but could not verify medical context.
[SEARCH] Looking for image for Rajendra Badwe...
[MATCH] Found verified page title: "Rajendra Achyut Badwe" for Rajendra Badwe
[NO IMAGE] Verified page found, but no thumbnail available for Rajendra Badwe.
[SEARCH] Looking for image for Rajeev Kumar...
[MATCH] Found verified page title: "Rajeev Kumar" for Rajeev Kumar
[NO IMAGE] Verified page found, but no thumbnail available for Rajeev Kumar.
[SEARCH] Looking for image for Rafik Boujdaria...
[MISSING] No Wikipedia articles found for Rafik Boujdaria
[SEARCH] Looking for image for R. V. Jayakumar...
[MATCH] Found verified page title: "R. V. Jayakumar" for R. V. Jayakumar
[NO IMAGE] Verified page found, but no thumbnail available for R. V. Jayakumar.
[SEARCH] Looking for image for R. Sowdhamini...
[MATCH] Found verified page title: "R. Sowdhamini" for R. Sowdhamini
[NO IMAGE] Verified page found, but no thumbnail available for R. Sowdhamini.
[SEARCH] Looking for image for R. S. Chandra...
[MATCH] Found verified page title: "Chandra R. Bhat" for R. S. Chandra
[NO IMAGE] Verified page found, but no thumbnail available for R. S. Chandra.
Processed 300/973 profiles...
[SEARCH] Looking for image for R. K. Suri...
[SKIP] Found articles for R. K. Suri but could not verify medical context.
[SEARCH] Looking for image for R. K. Srivastava...
[SKIP] Found articles for R. K. Srivastava but could not verify medical context.
[SEARCH] Looking for image for R. K. Sinha...
[MATCH] Found verified page title: "R. K. Sinha" for R. K. Sinha
[NO IMAGE] Verified page found, but no thumbnail available for R. K. Sinha.
[SEARCH] Looking for image for R. K. Saran...
[SKIP] Found articles for R. K. Saran but could not verify medical context.
[SEARCH] Looking for image for R. K. Sahay...
[SKIP] Found articles for R. K. Sahay but could not verify medical context.
[SEARCH] Looking for image for R. K. Grover...
[SKIP] Found articles for R. K. Grover but could not verify medical context.
[SEARCH] Looking for image for R. K. Dhawan...
[MATCH] Found verified page title: "R. K. Dhawan" for R. K. Dhawan
[NO IMAGE] Verified page found, but no thumbnail available for R. K. Dhawan.
[SEARCH] Looking for image for R. A. Badwe...
[MATCH] Found verified page title: "Rajendra Achyut Badwe" for R. A. Badwe
[NO IMAGE] Verified page found, but no thumbnail available for R. A. Badwe.
[SEARCH] Looking for image for Praveen Gupta...
[MATCH] Found verified page title: "Praveen Gupta" for Praveen Gupta
[NO IMAGE] Verified page found, but no thumbnail available for Praveen Gupta.
[SEARCH] Looking for image for Prabhat Jha...
[MATCH] Found verified page title: "Prabhat Jha" for Prabhat Jha
[NO IMAGE] Verified page found, but no thumbnail available for Prabhat Jha.
[SEARCH] Looking for image for Peter Libby...
[MATCH] Found verified page title: "Peter Libby" for Peter Libby
[NO IMAGE] Verified page found, but no thumbnail available for Peter Libby.
[SEARCH] Looking for image for Peter Carmeliet...
[MATCH] Found verified page title: "Peter Carmeliet" for Peter Carmeliet
[NO IMAGE] Verified page found, but no thumbnail available for Peter Carmeliet.
[SEARCH] Looking for image for Per Magnus...
[SKIP] Found articles for Per Magnus but could not verify medical context.
Processed 350/973 profiles...
[SEARCH] Looking for image for Paul Elliott...
[MATCH] Found verified page title: "Paul Elliott" for Paul Elliott
[NO IMAGE] Verified page found, but no thumbnail available for Paul Elliott.
[SEARCH] Looking for image for Patrick Cunningham...
[MATCH] Found verified page title: "Patrick Cunningham" for Patrick Cunningham
[NO IMAGE] Verified page found, but no thumbnail available for Patrick Cunningham.
[SEARCH] Looking for image for Patrick C. Walsh...
[MATCH] Found verified page title: "Patrick C. Walsh" for Patrick C. Walsh
[NO IMAGE] Verified page found, but no thumbnail available for Patrick C. Walsh.
[SEARCH] Looking for image for Patricia García...
[MATCH] Found verified page title: "Patricia García" for Patricia García
[NO IMAGE] Verified page found, but no thumbnail available for Patricia García.
[SEARCH] Looking for image for Paolo Sassone-Corsi...
[MATCH] Found verified page title: "Paolo Sassone-Corsi" for Paolo Sassone-Corsi
[NO IMAGE] Verified page found, but no thumbnail available for Paolo Sassone-Corsi.
[SEARCH] Looking for image for Paolo Macchiarini...
[MATCH] Found verified page title: "Paolo Macchiarini" for Paolo Macchiarini
[NO IMAGE] Verified page found, but no thumbnail available for Paolo Macchiarini.
[SEARCH] Looking for image for Pablo Valenzuela...
[MATCH] Found verified page title: "Pablo Valenzuela" for Pablo Valenzuela
[NO IMAGE] Verified page found, but no thumbnail available for Pablo Valenzuela.
[SEARCH] Looking for image for P. V. Raghavan...
[SKIP] Found articles for P. V. Raghavan but could not verify medical context.
[SEARCH] Looking for image for P. R. Sinha...
[SKIP] Found articles for P. R. Sinha but could not verify medical context.
[SEARCH] Looking for image for P. K. Sethi...
[MATCH] Found verified page title: "P. K. Sethi" for P. K. Sethi
[NO IMAGE] Verified page found, but no thumbnail available for P. K. Sethi.
[SEARCH] Looking for image for P. K. Goel...
[SKIP] Found articles for P. K. Goel but could not verify medical context.
[SEARCH] Looking for image for P. K. Bajaj...
[SKIP] Found articles for P. K. Bajaj but could not verify medical context.
[SEARCH] Looking for image for P. Ananthanarayan...
[SKIP] Found articles for P. Ananthanarayan but could not verify medical context.
[SEARCH] Looking for image for Oyewale Tomori...
[MATCH] Found verified page title: "Oyewale Tomori" for Oyewale Tomori
[NO IMAGE] Verified page found, but no thumbnail available for Oyewale Tomori.
[SEARCH] Looking for image for Ooi Eng Eong...
[SKIP] Found articles for Ooi Eng Eong but could not verify medical context.
[SEARCH] Looking for image for Omesh Bharti...
[SKIP] Found articles for Omesh Bharti but could not verify medical context.
[SEARCH] Looking for image for Nitin Kapoor...
[MATCH] Found verified page title: "Nitin Kapoor" for Nitin Kapoor
[NO IMAGE] Verified page found, but no thumbnail available for Nitin Kapoor.
[SEARCH] Looking for image for Nirmala Bhat...
[SKIP] Found articles for Nirmala Bhat but could not verify medical context.
Processed 400/973 profiles...
[SEARCH] Looking for image for Nirmal Surya...
[SKIP] Found articles for Nirmal Surya but could not verify medical context.
[SEARCH] Looking for image for Nirmal Kumar Ganguly...
[MATCH] Found verified page title: "Nirmal Kumar Ganguly" for Nirmal Kumar Ganguly
[NO IMAGE] Verified page found, but no thumbnail available for Nirmal Kumar Ganguly.
[SEARCH] Looking for image for Nikhil Tandon...
[MATCH] Found verified page title: "Nikhil Tandon" for Nikhil Tandon
[NO IMAGE] Verified page found, but no thumbnail available for Nikhil Tandon.
[SEARCH] Looking for image for Nicholas J. Wareham...
[MATCH] Found verified page title: "Kelly West Award" for Nicholas J. Wareham
[NO IMAGE] Verified page found, but no thumbnail available for Nicholas J. Wareham.
[SEARCH] Looking for image for Naveed Sattar...
[MATCH] Found verified page title: "Naveed Sattar" for Naveed Sattar
[NO IMAGE] Verified page found, but no thumbnail available for Naveed Sattar.
[SEARCH] Looking for image for N. S. Dharmapalan...
[SKIP] Found articles for N. S. Dharmapalan but could not verify medical context.
[SEARCH] Looking for image for N. Kumarasamy...
[SKIP] Found articles for N. Kumarasamy but could not verify medical context.
[SEARCH] Looking for image for N. Balakrishnan...
[SKIP] Found articles for N. Balakrishnan but could not verify medical context.
[SEARCH] Looking for image for Muffazal Lakdawala...
[MATCH] Found verified page title: "Muffazal Lakdawala" for Muffazal Lakdawala
[NO IMAGE] Verified page found, but no thumbnail available for Muffazal Lakdawala.
[SEARCH] Looking for image for Mitch Dowsett...
[SKIP] Found articles for Mitch Dowsett but could not verify medical context.
[SEARCH] Looking for image for Mikael Knip...
[SKIP] Found articles for Mikael Knip but could not verify medical context.
[SEARCH] Looking for image for Michael Karin...
[MATCH] Found verified page title: "Michael Karin" for Michael Karin
[NO IMAGE] Verified page found, but no thumbnail available for Michael Karin.
Processed 450/973 profiles...
[SEARCH] Looking for image for Michael John Owen...
[SKIP] Found articles for Michael John Owen but could not verify medical context.
[SEARCH] Looking for image for Meir J. Stampfer...
[SKIP] Found articles for Meir J. Stampfer but could not verify medical context.
[SEARCH] Looking for image for Matthew Meyerson...
[MATCH] Found verified page title: "Matthew Meyerson" for Matthew Meyerson
[NO IMAGE] Verified page found, but no thumbnail available for Matthew Meyerson.
[SEARCH] Looking for image for Martin Landray...
[MATCH] Found verified page title: "Martin Landray" for Martin Landray
[NO IMAGE] Verified page found, but no thumbnail available for Martin Landray.
[SEARCH] Looking for image for Markku Laakso...
[MATCH] Found verified page title: "Markku Laakso" for Markku Laakso
[NO IMAGE] Verified page found, but no thumbnail available for Markku Laakso.
[SEARCH] Looking for image for Mark J. Daly...
[SKIP] Found articles for Mark J. Daly but could not verify medical context.
[SEARCH] Looking for image for Maria de Sousa...
[MATCH] Found verified page title: "Maria de Sousa" for Maria de Sousa
[NO IMAGE] Verified page found, but no thumbnail available for Maria de Sousa.
[SEARCH] Looking for image for Marc Van Ranst...
[MATCH] Found verified page title: "Marc Van Ranst" for Marc Van Ranst
[NO IMAGE] Verified page found, but no thumbnail available for Marc Van Ranst.
[SEARCH] Looking for image for Marc A. Pfeffer...
[MATCH] Found verified page title: "Roger W. Robinson" for Marc A. Pfeffer
[NO IMAGE] Verified page found, but no thumbnail available for Marc A. Pfeffer.
[SEARCH] Looking for image for Manuel Sobrinho Simões...
[MATCH] Found verified page title: "Institute of Molecular Pathology and Immunology of the University of Porto" for Manuel Sobrinho Simões
[NO IMAGE] Verified page found, but no thumbnail available for Manuel Sobrinho Simões.
[SEARCH] Looking for image for Mammen Chandy...
[MATCH] Found verified page title: "Mammen Chandy" for Mammen Chandy
[NO IMAGE] Verified page found, but no thumbnail available for Mammen Chandy.
[SEARCH] Looking for image for Maisa Al Jassmi...
[MISSING] No Wikipedia articles found for Maisa Al Jassmi
[SEARCH] Looking for image for Maha Taysir Barakat...
[SKIP] Found articles for Maha Taysir Barakat but could not verify medical context.
[SEARCH] Looking for image for Madhukar H. Trivedi...
[SKIP] Found articles for Madhukar H. Trivedi but could not verify medical context.
[SEARCH] Looking for image for M. P. N. Shetty...
[SKIP] Found articles for M. P. N. Shetty but could not verify medical context.
[SEARCH] Looking for image for M. D. Gupte...
[SKIP] Found articles for M. D. Gupte but could not verify medical context.
[SEARCH] Looking for image for Luke O'Neill...
[MATCH] Found verified page title: "Luke O'Neill" for Luke O'Neill
[NO IMAGE] Verified page found, but no thumbnail available for Luke O'Neill.
Processed 500/973 profiles...
[SEARCH] Looking for image for Lotte Bjerre Knudsen...
[MATCH] Found verified page title: "Lotte Bjerre Knudsen" for Lotte Bjerre Knudsen
[NO IMAGE] Verified page found, but no thumbnail available for Lotte Bjerre Knudsen.
[SEARCH] Looking for image for Lotte B. Knudsen...
[MATCH] Found verified page title: "Lotte Bjerre Knudsen" for Lotte B. Knudsen
[NO IMAGE] Verified page found, but no thumbnail available for Lotte B. Knudsen.
[SEARCH] Looking for image for Li Bin...
[MATCH] Found verified page title: "Li Bin" for Li Bin
[NO IMAGE] Verified page found, but no thumbnail available for Li Bin.
[SEARCH] Looking for image for Lenore J. Launer...
[SKIP] Found articles for Lenore J. Launer but could not verify medical context.
[SEARCH] Looking for image for Leila Benchekroun...
[SKIP] Found articles for Leila Benchekroun but could not verify medical context.
[SEARCH] Looking for image for Lars Leksell...
[MATCH] Found verified page title: "Lars Leksell" for Lars Leksell
[NO IMAGE] Verified page found, but no thumbnail available for Lars Leksell.
[SEARCH] Looking for image for Lam Sai Kit...
[MATCH] Found verified page title: "Lam Sai Kit" for Lam Sai Kit
[NO IMAGE] Verified page found, but no thumbnail available for Lam Sai Kit.
[SEARCH] Looking for image for Lalit Kumar...
[MATCH] Found verified page title: "Lalit Kumar" for Lalit Kumar
[NO IMAGE] Verified page found, but no thumbnail available for Lalit Kumar.
[SEARCH] Looking for image for Kriangsak Kittirattanapaiboon...
[MISSING] No Wikipedia articles found for Kriangsak Kittirattanapaiboon
[SEARCH] Looking for image for Khalid Aït Taleb...
[MATCH] Found verified page title: "Khalid Aït Taleb" for Khalid Aït Taleb
[NO IMAGE] Verified page found, but no thumbnail available for Khalid Aït Taleb.
[SEARCH] Looking for image for Kenneth W. Kinzler...
[MATCH] Found verified page title: "Kenneth W. Kinzler" for Kenneth W. Kinzler
[NO IMAGE] Verified page found, but no thumbnail available for Kenneth W. Kinzler.
[SEARCH] Looking for image for Katalin KarikóUniversity of Pennsylvaniam...
[MISSING] No Wikipedia articles found for Katalin KarikóUniversity of Pennsylvaniam
[SEARCH] Looking for image for K. T. Dholakia...
[MATCH] Found verified page title: "K. T. Dholakia" for K. T. Dholakia
[NO IMAGE] Verified page found, but no thumbnail available for K. T. Dholakia.
[SEARCH] Looking for image for K. Srinivas...
[SKIP] Found articles for K. Srinivas but could not verify medical context.
[SEARCH] Looking for image for K. S. Shaji...
[SKIP] Found articles for K. S. Shaji but could not verify medical context.
[SEARCH] Looking for image for K. S. Mani...
[SKIP] Found articles for K. S. Mani but could not verify medical context.
[SEARCH] Looking for image for K. R. Sundaram...
[MATCH] Found verified page title: "K. R. Sundaram" for K. R. Sundaram
[NO IMAGE] Verified page found, but no thumbnail available for K. R. Sundaram.
[SEARCH] Looking for image for K. R. S. Murthy...
[SKIP] Found articles for K. R. S. Murthy but could not verify medical context.
[SEARCH] Looking for image for K. R. Radhakrishnan Neurology...
[MATCH] Found verified page title: "Epileptologist" for K. R. Radhakrishnan Neurology
[NO IMAGE] Verified page found, but no thumbnail available for K. R. Radhakrishnan Neurology.
[SEARCH] Looking for image for K. R. K. Easwaran...
[MATCH] Found verified page title: "K. R. K. Easwaran" for K. R. K. Easwaran
[NO IMAGE] Verified page found, but no thumbnail available for K. R. K. Easwaran.
Processed 550/973 profiles...
[SEARCH] Looking for image for K. N. Brahmachari...
[SKIP] Found articles for K. N. Brahmachari but could not verify medical context.
[SEARCH] Looking for image for K. M. Venkat Narayan...
[MATCH] Found verified page title: "K. M. Venkat Narayan" for K. M. Venkat Narayan
[NO IMAGE] Verified page found, but no thumbnail available for K. M. Venkat Narayan.
[SEARCH] Looking for image for K. M. Prasanna Kumar...
[SKIP] Found articles for K. M. Prasanna Kumar but could not verify medical context.
[SEARCH] Looking for image for K. K. Sethi...
[MATCH] Found verified page title: "P. K. Sethi" for K. K. Sethi
[NO IMAGE] Verified page found, but no thumbnail available for K. K. Sethi.
[SEARCH] Looking for image for K. A. Dinshaw...
[SKIP] Found articles for K. A. Dinshaw but could not verify medical context.
[SEARCH] Looking for image for Joseph Goldstein...
[SKIP] Found articles for Joseph Goldstein but could not verify medical context.
[SEARCH] Looking for image for John Wong...
[MATCH] Found verified page title: "John Wong" for John Wong
[NO IMAGE] Verified page found, but no thumbnail available for John Wong.
[SEARCH] Looking for image for John Bell...
[MATCH] Found verified page title: "John Bell" for John Bell
[NO IMAGE] Verified page found, but no thumbnail available for John Bell.
[SEARCH] Looking for image for Joel F. Habener...
[MATCH] Found verified page title: "Joel Habener" for Joel F. Habener
[NO IMAGE] Verified page found, but no thumbnail available for Joel F. Habener.
[SEARCH] Looking for image for Jeyaindran Sinnadurai...
[SKIP] Found articles for Jeyaindran Sinnadurai but could not verify medical context.
[SEARCH] Looking for image for Jens Juul Holst...
[MATCH] Found verified page title: "Jens Juul Holst" for Jens Juul Holst
[NO IMAGE] Verified page found, but no thumbnail available for Jens Juul Holst.
Processed 600/973 profiles...
[SEARCH] Looking for image for Jayaprakash Muliyil...
[MATCH] Found verified page title: "Jayaprakash Muliyil" for Jayaprakash Muliyil
[NO IMAGE] Verified page found, but no thumbnail available for Jayaprakash Muliyil.
[SEARCH] Looking for image for James G. Herman...
[MATCH] Found verified page title: "James G. Herman" for James G. Herman
[NO IMAGE] Verified page found, but no thumbnail available for James G. Herman.
[SEARCH] Looking for image for James F. Sallis...
[MATCH] Found verified page title: "James F. Sallis" for James F. Sallis
[NO IMAGE] Verified page found, but no thumbnail available for James F. Sallis.
[SEARCH] Looking for image for Jacob Puliyel...
[SKIP] Found articles for Jacob Puliyel but could not verify medical context.
[SEARCH] Looking for image for Jaakko Tuomilehto...
[SKIP] Found articles for Jaakko Tuomilehto but could not verify medical context.
[SEARCH] Looking for image for Irving L. Weissman...
[MATCH] Found verified page title: "Irving Weissman" for Irving L. Weissman
[NO IMAGE] Verified page found, but no thumbnail available for Irving L. Weissman.
[SEARCH] Looking for image for Ioanel Sinescu...
[MATCH] Found verified page title: "Ioanel Sinescu" for Ioanel Sinescu
[NO IMAGE] Verified page found, but no thumbnail available for Ioanel Sinescu.
[SEARCH] Looking for image for Hyeong Gon Moon...
[SKIP] Found articles for Hyeong Gon Moon but could not verify medical context.
[SEARCH] Looking for image for Humaid Al Shamsi...
[SKIP] Found articles for Humaid Al Shamsi but could not verify medical context.
[SEARCH] Looking for image for Hossam Badrawi...
[MATCH] Found verified page title: "Hossam Badrawi" for Hossam Badrawi
[NO IMAGE] Verified page found, but no thumbnail available for Hossam Badrawi.
[SEARCH] Looking for image for Hisham Al Jadhey...
[MISSING] No Wikipedia articles found for Hisham Al Jadhey
[SEARCH] Looking for image for Hendrik Poinar...
[MATCH] Found verified page title: "Hendrik Poinar" for Hendrik Poinar
[NO IMAGE] Verified page found, but no thumbnail available for Hendrik Poinar.
[SEARCH] Looking for image for Hemant Thacker...
[SKIP] Found articles for Hemant Thacker but could not verify medical context.
[SEARCH] Looking for image for Hanan Mohamed Al Kuwari...
[MATCH] Found verified page title: "Hanan Mohamed Al Kuwari" for Hanan Mohamed Al Kuwari
[NO IMAGE] Verified page found, but no thumbnail available for Hanan Mohamed Al Kuwari.
[SEARCH] Looking for image for Hanan Balkhy...
[MATCH] Found verified page title: "Hanan H. Balkhy" for Hanan Balkhy
[NO IMAGE] Verified page found, but no thumbnail available for Hanan Balkhy.
Processed 650/973 profiles...
[SEARCH] Looking for image for Hanadi Al Hamad...
[MATCH] Found verified page title: "Al-Kandari" for Hanadi Al Hamad
[NO IMAGE] Verified page found, but no thumbnail available for Hanadi Al Hamad.
[SEARCH] Looking for image for Hagop M. Kantarjian...
[MATCH] Found verified page title: "Hagop Kantarjian" for Hagop M. Kantarjian
[NO IMAGE] Verified page found, but no thumbnail available for Hagop M. Kantarjian.
[SEARCH] Looking for image for H. S. Wasir...
[MATCH] Found verified page title: "Harbans Singh Wasir" for H. S. Wasir
[NO IMAGE] Verified page found, but no thumbnail available for H. S. Wasir.
[SEARCH] Looking for image for Guillermo Soberón...
[SKIP] Found articles for Guillermo Soberón but could not verify medical context.
[SEARCH] Looking for image for Guido Kroemer...
[MATCH] Found verified page title: "Kroemer" for Guido Kroemer
[NO IMAGE] Verified page found, but no thumbnail available for Guido Kroemer.
[SEARCH] Looking for image for Grobler Elizabeth...
[SKIP] Found articles for Grobler Elizabeth but could not verify medical context.
[SEARCH] Looking for image for Gregg C. Fonarow...
[SKIP] Found articles for Gregg C. Fonarow but could not verify medical context.
[SEARCH] Looking for image for Graham A. Colditz...
[MATCH] Found verified page title: "Graham Colditz" for Graham A. Colditz
[NO IMAGE] Verified page found, but no thumbnail available for Graham A. Colditz.
[SEARCH] Looking for image for Gordon J. Freeman...
[MATCH] Found verified page title: "Gordon J. Freeman" for Gordon J. Freeman
[NO IMAGE] Verified page found, but no thumbnail available for Gordon J. Freeman.
[SEARCH] Looking for image for Gordon B. Mills...
[MATCH] Found verified page title: "Gordon B. Mills" for Gordon B. Mills
[NO IMAGE] Verified page found, but no thumbnail available for Gordon B. Mills.
[SEARCH] Looking for image for Giuseppe Remuzzi...
[MATCH] Found verified page title: "Kidney Education Foundation" for Giuseppe Remuzzi
[SUCCESS] Grabbed Wikipedia image for Giuseppe Remuzzi: https://upload.wikimedia.org/wikipedia/en/thumb/6/68/KEF_Golden_Book_of_World_Records_Certificate%2C_March_2017.jpg/330px-KEF_Golden_Book_of_World_Records_Certificate%2C_March_2017.jpg
[SEARCH] Looking for image for Giuseppe Novelli...
[MATCH] Found verified page title: "Giuseppe Novelli" for Giuseppe Novelli
[NO IMAGE] Verified page found, but no thumbnail available for Giuseppe Novelli.
[SEARCH] Looking for image for Giulio Cossu...
[SKIP] Found articles for Giulio Cossu but could not verify medical context.
[SEARCH] Looking for image for Giovanni Apolone...
[SKIP] Found articles for Giovanni Apolone but could not verify medical context.
[SEARCH] Looking for image for Geraldine Dawson...
[MATCH] Found verified page title: "Geraldine Dawson" for Geraldine Dawson
[NO IMAGE] Verified page found, but no thumbnail available for Geraldine Dawson.
[SEARCH] Looking for image for Gerald I. Shulman...
[MATCH] Found verified page title: "Gerald I. Shulman" for Gerald I. Shulman
[NO IMAGE] Verified page found, but no thumbnail available for Gerald I. Shulman.
[SEARCH] Looking for image for Gazi Yaşargil...
[MATCH] Found verified page title: "Gazi Yaşargil" for Gazi Yaşargil
[NO IMAGE] Verified page found, but no thumbnail available for Gazi Yaşargil.
[SEARCH] Looking for image for Gagandeep Kang...
[MATCH] Found verified page title: "Gagandeep Kang" for Gagandeep Kang
[NO IMAGE] Verified page found, but no thumbnail available for Gagandeep Kang.
[SEARCH] Looking for image for Gabriel Hortobagyi...
[SKIP] Found articles for Gabriel Hortobagyi but could not verify medical context.
[SEARCH] Looking for image for G. Vivekanand...
[MATCH] Found verified page title: "G. Vivekanand" for G. Vivekanand
[NO IMAGE] Verified page found, but no thumbnail available for G. Vivekanand.
[SEARCH] Looking for image for G. V. Seshiah...
[MATCH] Found verified page title: "Veeraswamy Seshiah" for G. V. Seshiah
[NO IMAGE] Verified page found, but no thumbnail available for G. V. Seshiah.
Processed 700/973 profiles...
[SEARCH] Looking for image for G. Arunkumar...
[SKIP] Found articles for G. Arunkumar but could not verify medical context.
[SEARCH] Looking for image for G. Arjundas...
[SKIP] Found articles for G. Arjundas but could not verify medical context.
[SEARCH] Looking for image for Frederik Barkhof...
[MATCH] Found verified page title: "Frederik Barkhof" for Frederik Barkhof
[NO IMAGE] Verified page found, but no thumbnail available for Frederik Barkhof.
[SEARCH] Looking for image for Folakemi Odedina...
[MATCH] Found verified page title: "Folakemi T. Odedina" for Folakemi Odedina
[NO IMAGE] Verified page found, but no thumbnail available for Folakemi Odedina.
[SEARCH] Looking for image for Firdausi Qadriicddr,b...
[MISSING] No Wikipedia articles found for Firdausi Qadriicddr,b
[SEARCH] Looking for image for Fernando Zúñiga...
[MATCH] Found verified page title: "Fernando Zúñiga" for Fernando Zúñiga
[NO IMAGE] Verified page found, but no thumbnail available for Fernando Zúñiga.
[SEARCH] Looking for image for Eskinder Negash...
[SKIP] Found articles for Eskinder Negash but could not verify medical context.
[SEARCH] Looking for image for Eric B. Rimm...
[SKIP] Found articles for Eric B. Rimm but could not verify medical context.
[SEARCH] Looking for image for Eran Segal...
[MATCH] Found verified page title: "Eran Segal" for Eran Segal
[NO IMAGE] Verified page found, but no thumbnail available for Eran Segal.
[SEARCH] Looking for image for Elizabeth Bukusi...
[MATCH] Found verified page title: "Elizabeth Anne Bukusi" for Elizabeth Bukusi
[NO IMAGE] Verified page found, but no thumbnail available for Elizabeth Bukusi.
[SEARCH] Looking for image for Eliud Wandwalo...
[MISSING] No Wikipedia articles found for Eliud Wandwalo
[SEARCH] Looking for image for Edsel Salvana...
[SKIP] Found articles for Edsel Salvana but could not verify medical context.
[SEARCH] Looking for image for Eckhard Nagel...
[MATCH] Found verified page title: "German Ethics Council" for Eckhard Nagel
[NO IMAGE] Verified page found, but no thumbnail available for Eckhard Nagel.
[SEARCH] Looking for image for Ding Sheng...
[MATCH] Found verified page title: "Ding Sheng" for Ding Sheng
[NO IMAGE] Verified page found, but no thumbnail available for Ding Sheng.
Processed 750/973 profiles...
[SEARCH] Looking for image for Dinesh Bhugra...
[MATCH] Found verified page title: "Dinesh Bhugra" for Dinesh Bhugra
[NO IMAGE] Verified page found, but no thumbnail available for Dinesh Bhugra.
[SEARCH] Looking for image for Didier Pittet...
[MATCH] Found verified page title: "Didier Pittet" for Didier Pittet
[NO IMAGE] Verified page found, but no thumbnail available for Didier Pittet.
[SEARCH] Looking for image for Dennis J. Selkoe...
[MATCH] Found verified page title: "Dennis J. Selkoe" for Dennis J. Selkoe
[NO IMAGE] Verified page found, but no thumbnail available for Dennis J. Selkoe.
[SEARCH] Looking for image for Deepak L. Bhatt...
[MATCH] Found verified page title: "Deepak L. Bhatt" for Deepak L. Bhatt
[NO IMAGE] Verified page found, but no thumbnail available for Deepak L. Bhatt.
[SEARCH] Looking for image for Deepak Amarapurkar...
[SKIP] Found articles for Deepak Amarapurkar but could not verify medical context.
[SEARCH] Looking for image for David Lye...
[MATCH] Found verified page title: "David Lye" for David Lye
[NO IMAGE] Verified page found, but no thumbnail available for David Lye.
[SEARCH] Looking for image for David A. Bennett...
[MATCH] Found verified page title: "David Bennett (neurologist)" for David A. Bennett
[NO IMAGE] Verified page found, but no thumbnail available for David A. Bennett.
[SEARCH] Looking for image for Daniel R. Weinberger...
